2025-10-08 22:04:49 [INFO] tsdb_connector - Commited a batch to the database.
2025-10-08 22:04:52 [INFO] tsdb_connector - Commited a batch to the database.
2025-10-08 22:04:54 [INFO] tsdb_connector - Commited a batch to the database.
2025-10-08 22:04:57 [INFO] tsdb_connector - Commited a batch to the database.
2025-10-08 22:04:59 [INFO] tsdb_connector - Commited a batch to the database.
2025-10-08 22:05:02 [INFO] tsdb_connector - Commited a batch to the database.
2025-10-08 22:05:04 [INFO] tsdb_connector - Commited a batch to the database.
2025-10-08 22:05:07 [INFO] tsdb_connector - Commited a batch to the database.
2025-10-08 22:05:09 [INFO] tsdb_connector - Commited a batch to the database.
2025-10-08 22:05:12 [INFO] tsdb_connector - Commited a batch to the database.
2025-10-08 22:05:14 [INFO] tsdb_connector - Commited a batch to the database.
2025-10-08 22:05:17 [INFO] tsdb_connector - Commited a batch to the database.
2025-10-08 22:05:19 [INFO] tsdb_connector - Commited a batch to the database.
2025-10-08 22:05:22 [INFO] tsdb_connector - Commited a batch to the database.
2025-10-08 22:05:24 [INFO] tsdb_connector - Commited a batch to the database.
2025-10-08 22:05:27 [INFO] tsdb_connector - Commited a batch to the database.
2025-10-08 22:05:29 [INFO] tsdb_connector - Commited a batch to the database.
2025-10-08 22:05:31 [INFO] tsdb_connector - Commited a batch to the database.
2025-10-08 22:05:34 [INFO] tsdb_connector - Commited a batch to the database.
2025-10-08 22:05:36 [INFO] tsdb_connector - Commited a batch to the database.
2025-10-08 22:05:39 [INFO] tsdb_connector - Commited a batch to the database.
2025-10-08 22:05:41 [INFO] tsdb_connector - Commited a batch to the database.
2025-10-08 22:05:44 [INFO] tsdb_connector - Commited a batch to the database.
2025-10-08 22:05:47 [INFO] tsdb_connector - Commited a batch to the database.
2025-10-08 22:05:49 [INFO] tsdb_connector - Commited a batch to the database.
2025-10-08 22:05:52 [INFO] tsdb_connector - Commited a batch to the database.
2025-10-08 22:05:54 [INFO] tsdb_connector - Commited a batch to the database.
2025-10-08 22:05:57 [INFO] tsdb_connector - Commited a batch to the database.
2025-10-08 22:06:00 [INFO] tsdb_connector - Commited a batch to the database.
2025-10-08 22:06:03 [INFO] tsdb_connector - Commited a batch to the database.
2025-10-08 22:06:05 [INFO] tsdb_connector - Commited a batch to the database.
2025-10-08 22:06:08 [INFO] tsdb_connector - Commited a batch to the database.
2025-10-08 22:06:10 [INFO] tsdb_connector - Commited a batch to the database.
2025-10-08 22:06:12 [INFO] tsdb_connector - Commited a batch to the database.
2025-10-08 22:06:15 [INFO] tsdb_connector - Commited a batch to the database.
2025-10-08 22:06:17 [INFO] tsdb_connector - Commited a batch to the database.
2025-10-08 22:06:20 [INFO] tsdb_connector - Commited a batch to the database.
2025-10-08 22:06:23 [INFO] tsdb_connector - Commited a batch to the database.
2025-10-08 22:06:25 [ERROR] tsdb_connector - An error occured: consuming input failed: server closed the connection unexpectedly
	This probably means the server terminated abnormally
	before or while processing the request.
2025-10-08 22:06:25 [INFO] tsdb_connector - Kafka consumer stopped.
